-------------------------------------------------------------------------------
Test set: TestSuite
-------------------------------------------------------------------------------
Tests run: 3, Failures: 1, Errors: 0, Skipped: 0, Time elapsed: 56.625 s <<< FAILURE! - in TestSuite
anubhavpractice.E2EProject.LandingPageTest.basePageNavigation  Time elapsed: 12.253 s  <<< FAILURE!
java.lang.AssertionError: expected [FEATURED COURSES123] but found [FEATURED COURSES]
	at anubhavpractice.E2EProject.LandingPageTest.basePageNavigation(LandingPageTest.java:28)

