<?xml version="1.0" encoding="UTF-8"?>
<testng-results skipped="0" failed="0" ignored="0" total="0" passed="0">
  <reporter-output>
  </reporter-output>
  <suite name="Functional Testing Suite" duration-ms="481" started-at="2021-07-03T20:10:28 IST" finished-at="2021-07-03T20:10:29 IST">
    <groups>
      <group name="cucumber">
        <method signature="AbstractTestNGCucumberTests.runScenario(io.cucumber.testng.PickleWrapper, io.cucumber.testng.FeatureWrapper)[pri:0, instance:runner.TestRunner@5e0826e7]" name="runScenario" class="io.cucumber.testng.AbstractTestNGCucumberTests"/>
      </group> <!-- cucumber -->
    </groups>
    <test name="Login and Home Page validation" duration-ms="481" started-at="2021-07-03T20:10:28 IST" finished-at="2021-07-03T20:10:29 IST">
      <class name="runner.TestRunner">
        <test-method status="PASS" signature="setUpClass()[pri:0, instance:runner.TestRunner@5e0826e7]" name="setUpClass" is-config="true" duration-ms="429" started-at="2021-07-03T20:10:28 IST" finished-at="2021-07-03T20:10:29 IST">
          <reporter-output>
          </reporter-output>
        </test-method> <!-- setUpClass -->
        <test-method status="PASS" signature="tearDownClass()[pri:0, instance:runner.TestRunner@5e0826e7]" name="tearDownClass" is-config="true" duration-ms="16" started-at="2021-07-03T20:10:29 IST" finished-at="2021-07-03T20:10:29 IST">
          <reporter-output>
          </reporter-output>
        </test-method> <!-- tearDownClass -->
      </class> <!-- runner.TestRunner -->
    </test> <!-- Login and Home Page validation -->
  </suite> <!-- Functional Testing Suite -->
</testng-results>
