<?xml version="1.0" encoding="UTF-8"?>
<!-- Generated by org.testng.reporters.JUnitXMLReporter -->
<testsuite hostname="Anubhavs-MacBook-Pro.local" ignored="0" name="Login and Home Page validation" tests="3" failures="1" timestamp="2021-06-30T17:00:21 IST" time="34.175" errors="0">
  <testcase name="basePageNavigation" time="10.842" classname="anubhavpractice.E2EProject.LandingPageTest">
    <failure type="java.lang.AssertionError" message="expected [FEATURED COURSES123] but found [FEATURED COURSES]">
      <![CDATA[java.lang.AssertionError: expected [FEATURED COURSES123] but found [FEATURED COURSES]
at anubhavpractice.E2EProject.LandingPageTest.basePageNavigation(LandingPageTest.java:28)
at java.util.ArrayList.forEach(ArrayList.java:1259)
... Removed 37 stack frames]]>
    </failure>
  </testcase> <!-- basePageNavigation -->
  <testcase name="basePageNavigation" time="11.695" classname="anubhavpractice.E2EProject.LoginTest"/>
  <testcase name="basePageNavigation" time="9.659" classname="anubhavpractice.E2EProject.LoginTest"/>
</testsuite> <!-- Login and Home Page validation -->
